<?xml version="1.0" encoding="UTF-8"?>
<testng-results skipped="0" failed="0" ignored="0" total="1" passed="1">
  <reporter-output>
  </reporter-output>
  <suite name="Default suite" duration-ms="12548" started-at="2022-12-09T06:28:52Z" finished-at="2022-12-09T06:29:05Z">
    <groups>
    </groups>
    <test name="Default test" duration-ms="12548" started-at="2022-12-09T06:28:52Z" finished-at="2022-12-09T06:29:05Z">
      <class name="NewTest">
        <test-method status="PASS" signature="beforeMethod()[pri:0, instance:NewTest@5f2108b5]" name="beforeMethod" is-config="true" duration-ms="12487" started-at="2022-12-09T06:28:52Z" finished-at="2022-12-09T06:29:05Z">
          <reporter-output>
          </reporter-output>
        </test-method> <!-- beforeMethod -->
        <test-method status="PASS" signature="f()[pri:0, instance:NewTest@5f2108b5]" name="f" duration-ms="20" started-at="2022-12-09T06:29:05Z" finished-at="2022-12-09T06:29:05Z">
          <reporter-output>
          </reporter-output>
        </test-method> <!-- f -->
        <test-method status="PASS" signature="afterMethod()[pri:0, instance:NewTest@5f2108b5]" name="afterMethod" is-config="true" duration-ms="0" started-at="2022-12-09T06:29:05Z" finished-at="2022-12-09T06:29:05Z">
          <reporter-output>
          </reporter-output>
        </test-method> <!-- afterMethod -->
      </class> <!-- NewTest -->
    </test> <!-- Default test -->
  </suite> <!-- Default suite -->
</testng-results>
